\BOOKMARK [1][-]{section.1}{Introduction and Motivation}{}% 1
\BOOKMARK [2][-]{subsection.1.1}{Overview}{section.1}% 2
\BOOKMARK [2][-]{subsection.1.2}{DSLs and Haskell}{section.1}% 3
\BOOKMARK [2][-]{subsection.1.3}{Deep and Shallow Embedding}{section.1}% 4
\BOOKMARK [1][-]{section.2}{Combinators}{}% 5
\BOOKMARK [2][-]{subsection.2.1}{Initial Definitions}{section.2}% 6
\BOOKMARK [2][-]{subsection.2.2}{Sequencing Problem}{section.2}% 7
\BOOKMARK [2][-]{subsection.2.3}{Conditionals}{section.2}% 8
\BOOKMARK [2][-]{subsection.2.4}{Transactions}{section.2}% 9
\BOOKMARK [2][-]{subsection.2.5}{Moving to a Tree of Actions}{section.2}% 10
\BOOKMARK [2][-]{subsection.2.6}{Final Definitions}{section.2}% 11
\BOOKMARK [2][-]{subsection.2.7}{Custom Combinators}{section.2}% 12
\BOOKMARK [1][-]{section.3}{Deriving Equality}{}% 13
\BOOKMARK [2][-]{subsection.3.1}{Topological Sorting}{section.3}% 14
\BOOKMARK [2][-]{subsection.3.2}{Quickspec}{section.3}% 15
\BOOKMARK [1][-]{section.4}{Scheduling Recipes}{}% 16
\BOOKMARK [2][-]{subsection.4.1}{Modelling a Kitchen}{section.4}% 17
\BOOKMARK [2][-]{subsection.4.2}{Scheduling Method}{section.4}% 18
\BOOKMARK [3][-]{subsubsection.4.2.1}{Linear Programming}{subsection.4.2}% 19
\BOOKMARK [3][-]{subsubsection.4.2.2}{Bin Packing}{subsection.4.2}% 20
\BOOKMARK [3][-]{subsubsection.4.2.3}{Implementing a Scheduler}{subsection.4.2}% 21
\BOOKMARK [1][-]{section.5}{Recipe Properties}{}% 22
\BOOKMARK [2][-]{subsection.5.1}{Folding Over Recipes}{section.5}% 23
\BOOKMARK [2][-]{subsection.5.2}{Time and Cost}{section.5}% 24
\BOOKMARK [2][-]{subsection.5.3}{Generating Recipes}{section.5}% 25
\BOOKMARK [2][-]{subsection.5.4}{Improving Recipes}{section.5}% 26
\BOOKMARK [1][-]{section.6}{Development Process}{}% 27
\BOOKMARK [2][-]{subsection.6.1}{Project Management}{section.6}% 28
\BOOKMARK [1][-]{section.7}{Evaluation and Testing}{}% 29
\BOOKMARK [2][-]{subsection.7.1}{Test Recipes}{section.7}% 30
\BOOKMARK [2][-]{subsection.7.2}{QuickCheck}{section.7}% 31
\BOOKMARK [1][-]{section.8}{Summary and Reflections}{}% 32
\BOOKMARK [2][-]{subsection.8.1}{Project Management}{section.8}% 33
\BOOKMARK [2][-]{subsection.8.2}{Contributions}{section.8}% 34
\BOOKMARK [2][-]{subsection.8.3}{Future Work}{section.8}% 35
\BOOKMARK [2][-]{subsection.8.4}{Reflections}{section.8}% 36
\BOOKMARK [1][-]{section.9}{Related Work}{}% 37
\BOOKMARK [2][-]{subsection.9.1}{Pretty Printing}{section.9}% 38
\BOOKMARK [2][-]{subsection.9.2}{Financial Contracts}{section.9}% 39
\BOOKMARK [2][-]{subsection.9.3}{Deep vs Shallow Embedding}{section.9}% 40
\BOOKMARK [2][-]{subsection.9.4}{Regions}{section.9}% 41
